<?xml version="1.0" encoding="UTF-8"?>
<testsuite xmlns:xsi="http://www.w3.org/2001/XMLSchema-instance" xsi:noNamespaceSchemaLocation="https://maven.apache.org/surefire/maven-surefire-plugin/xsd/surefire-test-report.xsd" version="3.0.2" name="com.simulador.backend.BackendApplicationTests" time="5.834" tests="1" errors="0" skipped="0" failures="0">
  <properties>
[...]
</properties>
  <testcase name="contextLoads" classname="com.simulador.backend.BackendApplicationTests" time="1.14">
    <system-out><![CDATA[16:57:01.584 [main] INFO org.springframework.test.context.support.AnnotationConfigContextLoaderUtils -- Could not detect default configuration classes for test class [com.simulador.backend.BackendApplicationTests]: BackendApplicationTests does not declare any static, non-private, non-final, nested classes annotated with @Configuration.
16:57:01.762 [main] INFO org.springframework.boot.test.context.SpringBootTestContextBootstrapper -- Found @SpringBootConfiguration com.simulador.backend.BackendApplication for test class com.simulador.backend.BackendApplicationTests
16:57:02.004 [main] INFO org.springframework.boot.devtools.restart.RestartApplicationListener -- Restart disabled due to context in which it is running

  .   ____          _            __ _ _
 /\\ / ___'_ __ _ _(_)_ __  __ _ \ \ \ \
( ( )\___ | '_ | '_| | '_ \/ _` | \ \ \ \
 \\/  ___)| |_)| | | | | || (_| |  ) ) ) )
  '  |____| .__|_| |_|_| |_\__, | / / / /
 =========|_|==============|___/=/_/_/_/

 :: Spring Boot ::                (v3.4.4)

2025-06-02T16:57:02.379-03:00  INFO 25372 --- [backend] [           main] c.s.backend.BackendApplicationTests      : Starting BackendApplicationTests using Java 23.0.2 with PID 25372 (started by panysz in C:\Users\Paula Argolo\Downloads\BANESE\render\projeto05_clientemock_backend)
2025-06-02T16:57:02.382-03:00  INFO 25372 --- [backend] [           main] c.s.backend.BackendApplicationTests      : No active profile set, falling back to 1 default profile: "default"
2025-06-02T16:57:03.407-03:00  INFO 25372 --- [backend] [           main] .s.d.r.c.RepositoryConfigurationDelegate : Bootstrapping Spring Data MongoDB repositories in DEFAULT mode.
2025-06-02T16:57:03.502-03:00  INFO 25372 --- [backend] [           main] .s.d.r.c.RepositoryConfigurationDelegate : Finished Spring Data repository scanning in 81 ms. Found 2 MongoDB repository interfaces.
2025-06-02T16:57:04.535-03:00  INFO 25372 --- [backend] [           main] org.mongodb.driver.client                : MongoClient with metadata {"driver": {"name": "mongo-java-driver|sync|spring-boot", "version": "5.2.1"}, "os": {"type": "Windows", "name": "Windows 11", "architecture": "amd64", "version": "10.0"}, "platform": "Java/Oracle Corporation/23.0.2+7-58"} created with settings MongoClientSettings{readPreference=primary, writeConcern=WriteConcern{w=majority, wTimeout=null ms, journal=null}, retryWrites=true, retryReads=true, readConcern=ReadConcern{level=null}, credential=MongoCredential{mechanism=null, userName='guilherme', source='admin', password=<hidden>, mechanismProperties=<hidden>}, transportSettings=null, commandListeners=[], codecRegistry=ProvidersCodecRegistry{codecProviders=[ValueCodecProvider{}, BsonValueCodecProvider{}, DBRefCodecProvider{}, DBObjectCodecProvider{}, DocumentCodecProvider{}, CollectionCodecProvider{}, IterableCodecProvider{}, MapCodecProvider{}, GeoJsonCodecProvider{}, GridFSFileCodecProvider{}, Jsr310CodecProvider{}, JsonObjectCodecProvider{}, BsonCodecProvider{}, EnumCodecProvider{}, com.mongodb.client.model.mql.ExpressionCodecProvider@21ae657b, com.mongodb.Jep395RecordCodecProvider@799f916e, com.mongodb.KotlinCodecProvider@576b7c74]}, loggerSettings=LoggerSettings{maxDocumentLength=1000}, clusterSettings={hosts=[127.0.0.1:27017], srvHost=bancomajoguipa.tofe2kf.mongodb.net, srvServiceName=mongodb, mode=MULTIPLE, requiredClusterType=REPLICA_SET, requiredReplicaSetName='atlas-f0yfj7-shard-0', serverSelector='null', clusterListeners='[]', serverSelectionTimeout='30000 ms', localThreshold='15 ms'}, socketSettings=SocketSettings{connectTimeoutMS=10000, readTimeoutMS=0, receiveBufferSize=0, proxySettings=ProxySettings{host=null, port=null, username=null, password=null}}, heartbeatSocketSettings=SocketSettings{connectTimeoutMS=10000, readTimeoutMS=10000, receiveBufferSize=0, proxySettings=ProxySettings{host=null, port=null, username=null, password=null}}, connectionPoolSettings=ConnectionPoolSettings{maxSize=100, minSize=0, maxWaitTimeMS=120000, maxConnectionLifeTimeMS=0, maxConnectionIdleTimeMS=0, maintenanceInitialDelayMS=0, maintenanceFrequencyMS=60000, connectionPoolListeners=[], maxConnecting=2}, serverSettings=ServerSettings{heartbeatFrequencyMS=10000, minHeartbeatFrequencyMS=500, serverMonitoringMode=AUTO, serverListeners='[]', serverMonitorListeners='[]'}, sslSettings=SslSettings{enabled=true, invalidHostNameAllowed=false, context=null}, applicationName='null', compressorList=[], uuidRepresentation=JAVA_LEGACY, serverApi=null, autoEncryptionSettings=null, dnsClient=null, inetAddressResolver=null, contextProvider=null, timeoutMS=null}
2025-06-02T16:57:05.200-03:00  INFO 25372 --- [backend] [           main] r$InitializeUserDetailsManagerConfigurer : Global AuthenticationManager configured with UserDetailsService bean with name userDetailsServiceImpl
2025-06-02T16:57:05.958-03:00  INFO 25372 --- [backend] [2kf.mongodb.net] org.mongodb.driver.cluster               : Adding discovered server ac-ewucd2i-shard-00-01.tofe2kf.mongodb.net:27017 to client view of cluster
2025-06-02T16:57:06.012-03:00  INFO 25372 --- [backend] [2kf.mongodb.net] org.mongodb.driver.cluster               : Adding discovered server ac-ewucd2i-shard-00-00.tofe2kf.mongodb.net:27017 to client view of cluster
2025-06-02T16:57:06.017-03:00  INFO 25372 --- [backend] [2kf.mongodb.net] org.mongodb.driver.cluster               : Adding discovered server ac-ewucd2i-shard-00-02.tofe2kf.mongodb.net:27017 to client view of cluster
2025-06-02T16:57:06.039-03:00  INFO 25372 --- [backend] [           main] c.s.backend.BackendApplicationTests      : Started BackendApplicationTests in 4.055 seconds (process running for 5.375)
2025-06-02T16:57:06.924-03:00  INFO 25372 --- [backend] [ngodb.net:27017] org.mongodb.driver.cluster               : Monitor thread successfully connected to server with description ServerDescription{address=ac-ewucd2i-shard-00-01.tofe2kf.mongodb.net:27017, type=REPLICA_SET_SECONDARY, cryptd=false, state=CONNECTED, ok=true, minWireVersion=0, maxWireVersion=25, maxDocumentSize=16777216, logicalSessionTimeoutMinutes=30, roundTripTimeNanos=430957100, minRoundTripTimeNanos=0, setName='atlas-f0yfj7-shard-0', canonicalAddress=ac-ewucd2i-shard-00-01.tofe2kf.mongodb.net:27017, hosts=[ac-ewucd2i-shard-00-00.tofe2kf.mongodb.net:27017, ac-ewucd2i-shard-00-01.tofe2kf.mongodb.net:27017, ac-ewucd2i-shard-00-02.tofe2kf.mongodb.net:27017], passives=[], arbiters=[], primary='ac-ewucd2i-shard-00-02.tofe2kf.mongodb.net:27017', tagSet=TagSet{[Tag{name='availabilityZone', value='sae1-az3'}, Tag{name='diskState', value='READY'}, Tag{name='nodeType', value='ELECTABLE'}, Tag{name='provider', value='AWS'}, Tag{name='region', value='SA_EAST_1'}, Tag{name='workloadType', value='OPERATIONAL'}]}, electionId=null, setVersion=1, topologyVersion=TopologyVersion{processId=682e1b1edbc32ee8b8aa90fa, counter=3}, lastWriteDate=Mon Jun 02 16:57:08 GMT-03:00 2025, lastUpdateTimeNanos=328187653009600}
2025-06-02T16:57:06.931-03:00  INFO 25372 --- [backend] [ngodb.net:27017] org.mongodb.driver.cluster               : Monitor thread successfully connected to server with description ServerDescription{address=ac-ewucd2i-shard-00-00.tofe2kf.mongodb.net:27017, type=REPLICA_SET_SECONDARY, cryptd=false, state=CONNECTED, ok=true, minWireVersion=0, maxWireVersion=25, maxDocumentSize=16777216, logicalSessionTimeoutMinutes=30, roundTripTimeNanos=437903400, minRoundTripTimeNanos=0, setName='atlas-f0yfj7-shard-0', canonicalAddress=ac-ewucd2i-shard-00-00.tofe2kf.mongodb.net:27017, hosts=[ac-ewucd2i-shard-00-00.tofe2kf.mongodb.net:27017, ac-ewucd2i-shard-00-01.tofe2kf.mongodb.net:27017, ac-ewucd2i-shard-00-02.tofe2kf.mongodb.net:27017], passives=[], arbiters=[], primary='ac-ewucd2i-shard-00-02.tofe2kf.mongodb.net:27017', tagSet=TagSet{[Tag{name='availabilityZone', value='sae1-az1'}, Tag{name='diskState', value='READY'}, Tag{name='nodeType', value='ELECTABLE'}, Tag{name='provider', value='AWS'}, Tag{name='region', value='SA_EAST_1'}, Tag{name='workloadType', value='OPERATIONAL'}]}, electionId=null, setVersion=1, topologyVersion=TopologyVersion{processId=682e1717606c1eff57536571, counter=4}, lastWriteDate=Mon Jun 02 16:57:08 GMT-03:00 2025, lastUpdateTimeNanos=328187668984000}
2025-06-02T16:57:06.934-03:00  INFO 25372 --- [backend] [ngodb.net:27017] org.mongodb.driver.cluster               : Monitor thread successfully connected to server with description ServerDescription{address=ac-ewucd2i-shard-00-02.tofe2kf.mongodb.net:27017, type=REPLICA_SET_PRIMARY, cryptd=false, state=CONNECTED, ok=true, minWireVersion=0, maxWireVersion=25, maxDocumentSize=16777216, logicalSessionTimeoutMinutes=30, roundTripTimeNanos=437031700, minRoundTripTimeNanos=0, setName='atlas-f0yfj7-shard-0', canonicalAddress=ac-ewucd2i-shard-00-02.tofe2kf.mongodb.net:27017, hosts=[ac-ewucd2i-shard-00-00.tofe2kf.mongodb.net:27017, ac-ewucd2i-shard-00-01.tofe2kf.mongodb.net:27017, ac-ewucd2i-shard-00-02.tofe2kf.mongodb.net:27017], passives=[], arbiters=[], primary='ac-ewucd2i-shard-00-02.tofe2kf.mongodb.net:27017', tagSet=TagSet{[Tag{name='availabilityZone', value='sae1-az2'}, Tag{name='diskState', value='READY'}, Tag{name='nodeType', value='ELECTABLE'}, Tag{name='provider', value='AWS'}, Tag{name='region', value='SA_EAST_1'}, Tag{name='workloadType', value='OPERATIONAL'}]}, electionId=7fffffff0000000000000020, setVersion=1, topologyVersion=TopologyVersion{processId=682e19f3da6ff9114caaa140, counter=6}, lastWriteDate=Mon Jun 02 16:57:08 GMT-03:00 2025, lastUpdateTimeNanos=328187671526900}
2025-06-02T16:57:06.935-03:00  INFO 25372 --- [backend] [ngodb.net:27017] org.mongodb.driver.cluster               : Discovered replica set primary ac-ewucd2i-shard-00-02.tofe2kf.mongodb.net:27017 with max election id 7fffffff0000000000000020 and max set version 1
]]></system-out>
    <system-err><![CDATA[Mockito is currently self-attaching to enable the inline-mock-maker. This will no longer work in future releases of the JDK. Please add Mockito as an agent to your build what is described in Mockito's documentation: https://javadoc.io/doc/org.mockito/mockito-core/latest/org/mockito/Mockito.html#0.3
WARNING: A Java agent has been loaded dynamically (C:\Users\Paula Argolo\.m2\repository\net\bytebuddy\byte-buddy-agent\1.15.11\byte-buddy-agent-1.15.11.jar)
WARNING: If a serviceability tool is in use, please run with -XX:+EnableDynamicAgentLoading to hide this warning
WARNING: If a serviceability tool is not in use, please run with -Djdk.instrument.traceUsage for more information
WARNING: Dynamic loading of agents will be disallowed by default in a future release
]]></system-err>
  </testcase>
</testsuite>